<?xml version="1.0" encoding="UTF-8"?>
<!-- Generated by org.testng.reporters.JUnitReportReporter -->
<testsuite skipped="0" hostname="Mds-MBP-2" name="pageobjectstests.HomePageTest" tests="1" failures="0" timestamp="02 Sep 2021 02:06:02 GMT" time="7.345" errors="0">
  <testcase name="searchTest" time="7.345" classname="pageobjectstests.HomePageTest"/>
</testsuite> <!-- pageobjectstests.HomePageTest -->
